2024-04-01 11:28:26 AM app start at : Mon Apr 01 2024 11:28:26 GMT+0700 (Indochina Time)
2024-04-01 11:30:00 AM app tick at : Mon Apr 01 2024 11:30:00 GMT+0700 (Indochina Time)
2024-04-01 11:32:00 AM app tick at : Mon Apr 01 2024 11:32:00 GMT+0700 (Indochina Time)
2024-04-01 11:33:55 AM app start
2024-04-01 11:34:00 AM app tick
2024-04-01 11:34:12 AM app start
2024-04-01 11:36:00 AM app tick
2024-04-01 11:36:42 AM app start
2024-04-01 11:38:00 AM app tick
2024-04-01 11:40:00 AM app tick
2024-04-01 11:42:00 AM app tick
2024-04-01 11:43:36 AM app start
2024-04-01 11:44:00 AM app tick
2024-04-01 11:44:31 AM app start
2024-04-01 11:46:00 AM app tick
2024-04-01 11:46:53 AM app start
2024-04-01 11:48:00 AM app tick
2024-04-01 11:48:56 AM app start
2024-04-01 11:49:22 AM app start
2024-04-01 11:50:00 AM app tick
2024-04-01 11:52:00 AM app tick
2024-04-01 11:54:00 AM app tick
2024-04-01 11:56:00 AM app tick
2024-04-01 11:58:00 AM app tick
2024-04-01 12:00:00 PM app tick
2024-04-01 12:02:00 PM app tick
2024-04-01 12:04:00 PM app tick
2024-04-01 12:06:00 PM app tick
2024-04-01 12:08:00 PM app tick
2024-04-01 12:10:00 PM app tick
2024-04-01 12:12:00 PM app tick
2024-04-01 12:14:00 PM app tick
2024-04-01 12:16:00 PM app tick
2024-04-01 12:18:00 PM app tick
2024-04-01 12:20:00 PM app tick
2024-04-01 12:22:00 PM app tick
2024-04-01 12:24:00 PM app tick
2024-04-01 12:26:00 PM app tick
2024-04-01 12:28:00 PM app tick
2024-04-01 12:30:00 PM app tick
2024-04-01 12:32:00 PM app tick
2024-04-01 12:34:00 PM app tick
2024-04-01 12:36:00 PM app tick
2024-04-01 12:38:00 PM app tick
2024-04-01 12:40:00 PM app tick
2024-04-01 12:42:00 PM app tick
2024-04-01 12:44:00 PM app tick
2024-04-01 12:46:00 PM app tick
2024-04-01 12:48:00 PM app tick
2024-04-01 12:50:00 PM app tick
2024-04-01 12:52:00 PM app tick
2024-04-01 12:54:00 PM app tick
2024-04-01 12:56:00 PM app tick
2024-04-01 12:58:00 PM app tick
2024-04-01 1:00:00 PM app tick
2024-04-01 1:02:00 PM app tick
2024-04-01 1:04:00 PM app tick
2024-04-01 1:06:00 PM app tick
2024-04-01 1:08:00 PM app tick
2024-04-01 1:10:00 PM app tick
2024-04-01 1:12:00 PM app tick
2024-04-01 1:14:00 PM app tick
2024-04-01 1:16:00 PM app tick
2024-04-01 1:18:00 PM app tick
2024-04-01 1:20:00 PM app tick
2024-04-01 1:22:00 PM app tick
2024-04-01 1:24:00 PM app tick
2024-04-01 1:26:00 PM app tick
2024-04-01 1:28:00 PM app tick
2024-04-01 1:30:00 PM app tick
2024-04-01 1:32:00 PM app tick
2024-04-01 1:34:00 PM app tick
2024-04-01 1:36:00 PM app tick
2024-04-01 1:38:00 PM app tick
2024-04-01 1:40:00 PM app tick
2024-04-01 1:42:00 PM app tick
2024-04-01 1:44:00 PM app tick
2024-04-01 1:46:00 PM app tick
2024-04-01 1:48:00 PM app tick
2024-04-01 1:50:00 PM app tick
2024-04-01 1:52:00 PM app tick
2024-04-01 1:54:00 PM app tick
2024-04-01 1:56:00 PM app tick
2024-04-01 1:58:00 PM app tick
2024-04-01 2:00:00 PM app tick
2024-04-01 2:02:00 PM app tick
2024-04-01 2:04:00 PM app tick
2024-04-01 2:06:00 PM app tick
2024-04-01 2:08:00 PM app tick
2024-04-01 2:10:00 PM app tick
2024-04-01 2:12:00 PM app tick
2024-04-01 2:14:00 PM app tick
2024-04-01 2:16:00 PM app tick
2024-04-01 2:55:06 PM app start
2024-04-01 2:56:00 PM app tick
2024-04-01 3:32:26 PM app start
2024-04-01 3:34:00 PM app tick
2024-04-01 3:36:37 PM app start
2024-04-01 3:37:00 PM app tick
2024-04-01 3:45:40 PM app start
2024-04-01 3:46:00 PM app tick
2024-04-01 3:47:25 PM app start
2024-04-01 3:48:00 PM app tick
2024-04-01 3:48:35 PM app start
2024-04-01 3:49:00 PM app tick
2024-04-01 3:49:42 PM app start
2024-04-01 3:50:00 PM app tick
2024-04-01 3:51:00 PM app tick
2024-04-01 3:51:09 PM app start
2024-04-01 3:52:00 PM app tick
2024-04-01 3:52:19 PM app start
2024-04-01 3:53:00 PM app tick
2024-04-01 3:53:58 PM app start
2024-04-01 3:54:00 PM app tick
2024-04-01 3:54:48 PM app start
2024-04-01 3:55:00 PM app tick
2024-04-01 3:57:20 PM app start
2024-04-01 3:58:00 PM app tick
2024-04-01 3:58:47 PM app start
2024-04-01 3:59:00 PM app tick
2024-04-01 3:59:53 PM app start
2024-04-01 4:00:00 PM app tick
2024-04-01 4:00:29 PM app start
2024-04-01 4:01:00 PM app tick
2024-04-01 4:01:14 PM app start
2024-04-01 4:01:23 PM app start
2024-04-01 4:02:00 PM app tick
2024-04-01 4:02:16 PM app start
2024-04-01 4:03:00 PM app tick
2024-04-01 4:07:58 PM app start
2024-04-01 4:08:00 PM app tick
2024-04-01 4:08:10 PM app start
2024-04-01 4:09:00 PM app tick
2024-04-01 4:09:22 PM app start
2024-04-01 4:10:00 PM app tick
2024-04-01 4:10:09 PM app start
2024-04-01 4:11:00 PM app tick
2024-04-01 4:11:08 PM app start
2024-04-01 4:12:00 PM app tick
2024-04-01 4:16:47 PM app start
2024-04-01 4:17:00 PM app tick
2024-04-01 4:17:39 PM app start
2024-04-01 4:17:57 PM app start
2024-04-01 4:18:00 PM app tick
2024-04-01 4:34:41 PM app start
2024-04-01 4:35:00 PM app tick
2024-04-01 4:36:00 PM app tick
2024-04-01 4:48:02 PM app start
2024-04-01 4:49:00 PM app tick
2024-04-01 4:50:11 PM app start
2024-04-01 4:50:19 PM app start
2024-04-01 4:51:00 PM app tick
2024-04-01 4:51:50 PM app start
2024-04-01 4:52:00 PM app tick
2024-04-01 4:52:30 PM app start
2024-04-01 4:53:00 PM app tick
2024-04-01 4:54:00 PM app tick
2024-04-01 4:54:29 PM app start
2024-04-01 4:55:00 PM app tick
2024-04-01 4:55:33 PM app start
2024-04-01 4:56:00 PM app tick
2024-04-01 4:56:20 PM app start
2024-04-01 4:57:00 PM app tick
2024-04-01 4:59:08 PM app start
2024-04-01 5:00:00 PM app tick
2024-04-01 5:01:00 PM app tick
2024-04-01 5:02:00 PM app tick
2024-04-01 5:03:00 PM app tick
2024-04-01 5:04:00 PM app tick
2024-04-01 5:05:00 PM app tick
2024-04-01 5:06:00 PM app tick
2024-04-01 5:07:00 PM app tick
2024-04-01 5:08:00 PM app tick
2024-04-01 5:09:00 PM app tick
2024-04-01 5:10:00 PM app tick
2024-04-01 5:11:00 PM app tick
2024-04-01 5:12:00 PM app tick
2024-04-01 5:13:00 PM app tick
2024-04-01 5:14:00 PM app tick
2024-04-01 5:15:00 PM app tick
2024-04-01 5:16:00 PM app tick
2024-04-01 5:17:00 PM app tick
2024-04-01 5:18:00 PM app tick
2024-04-01 5:19:00 PM app tick
2024-04-01 5:20:00 PM app tick
2024-04-01 5:21:00 PM app tick
2024-04-01 5:22:00 PM app tick
2024-04-01 5:23:00 PM app tick
2024-04-01 5:23:18 PM app start
2024-04-01 5:24:00 PM app tick
2024-04-01 5:25:00 PM app tick
2024-04-01 5:26:00 PM app tick
2024-04-01 5:27:00 PM app tick
2024-04-01 5:28:00 PM app tick
2024-04-01 5:29:00 PM app tick
2024-04-01 5:30:00 PM app tick
2024-04-01 5:31:00 PM app tick
2024-04-01 5:32:00 PM app tick
2024-04-01 5:33:00 PM app tick
2024-04-01 5:34:00 PM app tick
2024-04-01 5:35:00 PM app tick
2024-04-01 5:36:00 PM app tick
2024-04-01 5:37:00 PM app tick
2024-04-01 5:38:00 PM app tick
2024-04-01 5:39:00 PM app tick
2024-04-01 5:40:00 PM app tick
2024-04-01 5:41:00 PM app tick
2024-04-01 5:42:00 PM app tick
2024-04-01 5:43:00 PM app tick
2024-04-01 5:44:00 PM app tick
2024-04-01 5:45:00 PM app tick
2024-04-01 5:46:00 PM app tick
2024-04-01 5:47:00 PM app tick
2024-04-01 5:48:00 PM app tick
2024-04-01 5:49:00 PM app tick
2024-04-01 5:50:00 PM app tick
2024-04-01 5:51:00 PM app tick
2024-04-01 5:52:00 PM app tick
2024-04-01 5:53:00 PM app tick
2024-04-01 5:54:00 PM app tick
2024-04-01 5:55:00 PM app tick
2024-04-01 5:56:00 PM app tick
2024-04-01 5:57:00 PM app tick
2024-04-01 5:58:00 PM app tick
2024-04-01 5:59:00 PM app tick
2024-04-01 6:00:00 PM app tick
2024-04-01 6:01:00 PM app tick
2024-04-01 6:02:00 PM app tick
2024-04-01 6:03:00 PM app tick
2024-04-01 6:04:00 PM app tick
2024-04-01 6:05:00 PM app tick
2024-04-01 6:06:00 PM app tick
2024-04-01 6:07:00 PM app tick
2024-04-01 6:08:00 PM app tick
2024-04-01 6:09:00 PM app tick
2024-04-01 6:10:00 PM app tick
2024-04-01 6:11:00 PM app tick
2024-04-01 6:12:00 PM app tick
2024-04-01 6:13:00 PM app tick
2024-04-01 6:14:00 PM app tick
2024-04-01 6:15:00 PM app tick
2024-04-01 6:16:00 PM app tick
2024-04-01 6:17:00 PM app tick
2024-04-01 6:18:00 PM app tick
2024-04-01 6:19:00 PM app tick
2024-04-01 6:20:00 PM app tick
2024-04-01 6:21:00 PM app tick
2024-04-01 6:22:00 PM app tick
2024-04-01 6:23:00 PM app tick
2024-04-01 6:24:00 PM app tick
2024-04-01 6:25:00 PM app tick
2024-04-01 6:26:00 PM app tick
2024-04-01 6:27:00 PM app tick
2024-04-01 6:28:00 PM app tick
2024-04-01 6:29:00 PM app tick
2024-04-01 6:30:00 PM app tick
2024-04-01 6:31:00 PM app tick
2024-04-01 6:32:00 PM app tick
2024-04-01 6:33:00 PM app tick
2024-04-01 6:34:00 PM app tick
2024-04-01 6:35:00 PM app tick
2024-04-01 6:36:00 PM app tick
2024-04-01 6:37:00 PM app tick
2024-04-01 6:38:00 PM app tick
2024-04-01 6:39:00 PM app tick
2024-04-01 6:40:00 PM app tick
2024-04-01 6:41:00 PM app tick
2024-04-01 6:42:00 PM app tick
2024-04-01 6:43:00 PM app tick
2024-04-01 6:44:00 PM app tick
2024-04-01 6:45:00 PM app tick
2024-04-01 6:46:00 PM app tick
2024-04-01 6:47:00 PM app tick
2024-04-01 6:48:00 PM app tick
2024-04-01 6:49:00 PM app tick
2024-04-01 6:50:00 PM app tick
2024-04-01 6:51:00 PM app tick
2024-04-01 6:52:00 PM app tick
2024-04-01 6:53:00 PM app tick
2024-04-01 6:54:00 PM app tick
2024-04-01 6:55:00 PM app tick
2024-04-01 6:56:00 PM app tick
2024-04-01 6:57:00 PM app tick
2024-04-01 6:58:00 PM app tick
2024-04-01 6:59:00 PM app tick
2024-04-01 7:00:00 PM app tick
2024-04-01 7:01:00 PM app tick
2024-04-01 7:02:00 PM app tick
2024-04-01 7:03:00 PM app tick
2024-04-01 7:04:00 PM app tick
2024-04-01 7:05:00 PM app tick
2024-04-01 7:06:00 PM app tick
2024-04-01 7:07:00 PM app tick
2024-04-01 7:08:00 PM app tick
2024-04-01 7:09:00 PM app tick
2024-04-01 7:10:00 PM app tick
2024-04-01 7:11:00 PM app tick
2024-04-01 7:12:00 PM app tick
2024-04-01 7:13:00 PM app tick
2024-04-01 7:14:00 PM app tick
2024-04-01 7:15:00 PM app tick
2024-04-01 7:16:00 PM app tick
2024-04-01 7:17:00 PM app tick
2024-04-01 7:18:00 PM app tick
2024-04-01 7:19:00 PM app tick
2024-04-01 7:20:00 PM app tick
2024-04-01 7:21:00 PM app tick
2024-04-01 7:22:00 PM app tick
2024-04-01 7:23:00 PM app tick
2024-04-01 7:24:00 PM app tick
2024-04-01 7:25:00 PM app tick
2024-04-01 7:26:00 PM app tick
2024-04-01 7:27:00 PM app tick
2024-04-01 7:28:00 PM app tick
2024-04-01 7:29:00 PM app tick
2024-04-01 7:30:00 PM app tick
2024-04-01 7:31:00 PM app tick
2024-04-01 7:32:00 PM app tick
2024-04-01 7:33:00 PM app tick
2024-04-01 7:34:00 PM app tick
2024-04-01 7:35:00 PM app tick
2024-04-01 7:36:00 PM app tick
2024-04-01 7:37:00 PM app tick
2024-04-01 7:38:00 PM app tick
2024-04-01 7:39:00 PM app tick
2024-04-01 7:40:00 PM app tick
2024-04-01 7:41:00 PM app tick
2024-04-01 7:42:00 PM app tick
2024-04-01 7:43:00 PM app tick
2024-04-01 7:44:00 PM app tick
2024-04-01 7:45:00 PM app tick
2024-04-01 7:46:00 PM app tick
2024-04-01 7:47:00 PM app tick
2024-04-01 7:48:00 PM app tick
2024-04-01 7:49:00 PM app tick
2024-04-01 7:50:00 PM app tick
2024-04-01 7:51:00 PM app tick
2024-04-01 7:52:00 PM app tick
2024-04-01 7:53:00 PM app tick
2024-04-01 7:54:00 PM app tick
2024-04-01 7:55:00 PM app tick
2024-04-01 7:56:00 PM app tick
2024-04-01 7:57:00 PM app tick
2024-04-01 7:58:00 PM app tick
2024-04-01 7:59:00 PM app tick
2024-04-01 8:00:00 PM app tick
2024-04-01 8:01:00 PM app tick
2024-04-01 8:02:00 PM app tick
2024-04-01 8:03:00 PM app tick
2024-04-01 8:04:00 PM app tick
2024-04-01 8:05:00 PM app tick
2024-04-01 8:06:00 PM app tick
2024-04-01 8:07:00 PM app tick
2024-04-01 8:08:00 PM app tick
2024-04-01 8:09:00 PM app tick
2024-04-01 8:10:00 PM app tick
2024-04-01 8:11:00 PM app tick
2024-04-01 8:12:00 PM app tick
2024-04-01 8:13:00 PM app tick
2024-04-01 8:14:00 PM app tick
2024-04-01 8:15:00 PM app tick
2024-04-01 8:16:00 PM app tick
2024-04-01 8:17:00 PM app tick
2024-04-01 8:18:00 PM app tick
2024-04-01 8:19:00 PM app tick
2024-04-01 8:20:00 PM app tick
2024-04-01 8:21:00 PM app tick
2024-04-01 8:22:00 PM app tick
2024-04-01 8:23:00 PM app tick
2024-04-01 8:24:00 PM app tick
2024-04-01 8:25:00 PM app tick
2024-04-01 8:26:00 PM app tick
2024-04-01 8:27:00 PM app tick
2024-04-01 8:28:00 PM app tick
2024-04-01 8:29:00 PM app tick
2024-04-01 8:30:00 PM app tick
2024-04-01 8:31:00 PM app tick
2024-04-01 8:32:00 PM app tick
2024-04-01 8:33:00 PM app tick
2024-04-01 8:34:00 PM app tick
2024-04-01 8:35:00 PM app tick
2024-04-01 8:36:00 PM app tick
2024-04-01 8:37:00 PM app tick
2024-04-01 8:38:00 PM app tick
2024-04-01 8:39:00 PM app tick
2024-04-01 8:40:00 PM app tick
2024-04-01 8:41:00 PM app tick
2024-04-01 8:42:00 PM app tick
2024-04-01 8:43:00 PM app tick
2024-04-01 8:44:00 PM app tick
2024-04-01 8:45:00 PM app tick
2024-04-01 8:46:00 PM app tick
2024-04-01 8:47:00 PM app tick
2024-04-01 8:48:00 PM app tick
2024-04-01 8:49:00 PM app tick
2024-04-01 8:50:00 PM app tick
2024-04-01 8:51:00 PM app tick
2024-04-01 8:52:00 PM app tick
2024-04-01 8:53:00 PM app tick
2024-04-01 8:54:00 PM app tick
2024-04-01 8:55:00 PM app tick
2024-04-01 8:56:00 PM app tick
2024-04-01 8:57:00 PM app tick
2024-04-01 8:58:00 PM app tick
2024-04-01 8:59:00 PM app tick
2024-04-01 9:00:00 PM app tick
2024-04-01 9:01:00 PM app tick
2024-04-01 9:02:00 PM app tick
2024-04-01 9:03:00 PM app tick
2024-04-01 9:04:00 PM app tick
2024-04-01 9:05:00 PM app tick
2024-04-01 9:06:00 PM app tick
2024-04-01 9:07:00 PM app tick
2024-04-01 9:08:00 PM app tick
2024-04-01 9:09:00 PM app tick
2024-04-01 9:10:00 PM app tick
2024-04-01 9:11:00 PM app tick
2024-04-01 9:12:00 PM app tick
2024-04-01 9:13:00 PM app tick
2024-04-01 9:14:00 PM app tick
2024-04-01 9:15:00 PM app tick
2024-04-01 9:16:00 PM app tick
2024-04-01 9:17:00 PM app tick
2024-04-01 9:18:00 PM app tick
2024-04-01 9:19:00 PM app tick
2024-04-01 9:20:00 PM app tick
2024-04-01 9:21:00 PM app tick
2024-04-01 9:22:00 PM app tick
2024-04-01 9:23:00 PM app tick
2024-04-01 9:24:00 PM app tick
2024-04-01 9:25:00 PM app tick
2024-04-01 9:26:00 PM app tick
2024-04-01 9:27:00 PM app tick
2024-04-01 9:28:00 PM app tick
2024-04-01 9:29:00 PM app tick
2024-04-01 9:30:00 PM app tick
2024-04-01 9:31:00 PM app tick
2024-04-01 9:32:00 PM app tick
2024-04-01 9:33:00 PM app tick
2024-04-01 9:34:00 PM app tick
2024-04-01 9:35:00 PM app tick
2024-04-01 9:36:00 PM app tick
2024-04-01 9:37:00 PM app tick
2024-04-01 9:38:00 PM app tick
2024-04-01 9:39:00 PM app tick
2024-04-01 9:40:00 PM app tick
2024-04-01 9:41:00 PM app tick
2024-04-01 9:42:00 PM app tick
2024-04-01 9:43:00 PM app tick
2024-04-01 9:44:00 PM app tick
2024-04-01 9:45:00 PM app tick
2024-04-01 9:46:00 PM app tick
2024-04-01 9:47:00 PM app tick
2024-04-01 9:48:00 PM app tick
2024-04-01 9:49:00 PM app tick
2024-04-01 9:50:00 PM app tick
2024-04-01 9:51:00 PM app tick
2024-04-01 9:52:00 PM app tick
2024-04-01 9:53:00 PM app tick
2024-04-01 9:54:00 PM app tick
2024-04-01 9:55:00 PM app tick
2024-04-01 9:56:00 PM app tick
2024-04-01 9:57:00 PM app tick
2024-04-01 9:58:00 PM app tick
2024-04-01 9:59:00 PM app tick
2024-04-01 10:00:00 PM app tick
2024-04-01 10:01:00 PM app tick
2024-04-01 10:02:00 PM app tick
2024-04-01 10:03:00 PM app tick
2024-04-01 10:04:00 PM app tick
2024-04-01 10:05:00 PM app tick
2024-04-01 10:06:00 PM app tick
2024-04-01 10:07:00 PM app tick
2024-04-01 10:08:00 PM app tick
2024-04-01 10:09:00 PM app tick
2024-04-01 10:10:00 PM app tick
2024-04-01 10:11:00 PM app tick
2024-04-01 10:12:00 PM app tick
2024-04-01 10:13:00 PM app tick
2024-04-01 10:14:00 PM app tick
2024-04-01 10:15:00 PM app tick
2024-04-01 10:16:00 PM app tick
2024-04-01 10:17:00 PM app tick
2024-04-01 10:18:00 PM app tick
2024-04-01 10:19:00 PM app tick
2024-04-01 10:20:00 PM app tick
2024-04-01 10:21:00 PM app tick
2024-04-01 10:22:00 PM app tick
2024-04-01 10:23:00 PM app tick
2024-04-01 10:24:00 PM app tick
2024-04-01 10:25:00 PM app tick
2024-04-01 10:26:00 PM app tick
2024-04-01 10:27:00 PM app tick
2024-04-01 10:28:00 PM app tick
2024-04-01 10:29:00 PM app tick
2024-04-01 10:30:00 PM app tick
2024-04-01 10:31:00 PM app tick
2024-04-01 10:32:00 PM app tick
2024-04-01 10:33:00 PM app tick
2024-04-01 10:34:00 PM app tick
2024-04-01 10:35:00 PM app tick
2024-04-01 10:36:00 PM app tick
2024-04-01 10:37:00 PM app tick
2024-04-01 10:38:00 PM app tick
2024-04-01 10:39:00 PM app tick
2024-04-01 10:40:00 PM app tick
2024-04-01 10:41:00 PM app tick
2024-04-01 10:42:00 PM app tick
2024-04-01 10:43:00 PM app tick
2024-04-01 10:44:00 PM app tick
2024-04-01 10:45:00 PM app tick
2024-04-01 10:46:00 PM app tick
2024-04-01 10:47:00 PM app tick
2024-04-01 10:48:00 PM app tick
2024-04-01 10:49:00 PM app tick
2024-04-01 10:50:00 PM app tick
2024-04-01 10:51:00 PM app tick
2024-04-01 10:52:00 PM app tick
2024-04-01 10:53:00 PM app tick
2024-04-01 10:54:00 PM app tick
2024-04-01 10:55:00 PM app tick
2024-04-01 10:56:00 PM app tick
2024-04-01 10:57:00 PM app tick
2024-04-01 10:58:00 PM app tick
2024-04-01 10:59:00 PM app tick
2024-04-01 11:00:00 PM app tick
2024-04-01 11:01:00 PM app tick
2024-04-01 11:02:00 PM app tick
2024-04-01 11:03:00 PM app tick
2024-04-01 11:04:00 PM app tick
2024-04-01 11:05:00 PM app tick
2024-04-01 11:06:00 PM app tick
2024-04-01 11:07:00 PM app tick
2024-04-01 11:08:00 PM app tick
2024-04-01 11:09:00 PM app tick
2024-04-01 11:10:00 PM app tick
2024-04-01 11:11:00 PM app tick
2024-04-01 11:12:00 PM app tick
2024-04-01 11:13:00 PM app tick
2024-04-01 11:14:00 PM app tick
2024-04-01 11:15:00 PM app tick
2024-04-01 11:16:00 PM app tick
2024-04-01 11:17:00 PM app tick
2024-04-01 11:18:00 PM app tick
2024-04-01 11:19:00 PM app tick
2024-04-01 11:20:00 PM app tick
2024-04-01 11:21:00 PM app tick
2024-04-01 11:22:00 PM app tick
2024-04-01 11:23:00 PM app tick
2024-04-01 11:24:00 PM app tick
2024-04-01 11:25:00 PM app tick
2024-04-01 11:26:00 PM app tick
2024-04-01 11:27:00 PM app tick
2024-04-01 11:28:00 PM app tick
2024-04-01 11:29:00 PM app tick
2024-04-01 11:30:00 PM app tick
2024-04-01 11:31:00 PM app tick
2024-04-01 11:32:00 PM app tick
2024-04-01 11:33:00 PM app tick
2024-04-01 11:34:00 PM app tick
2024-04-01 11:35:00 PM app tick
2024-04-01 11:36:00 PM app tick
2024-04-01 11:37:00 PM app tick
2024-04-01 11:38:00 PM app tick
2024-04-01 11:39:00 PM app tick
2024-04-01 11:40:00 PM app tick
2024-04-01 11:41:00 PM app tick
2024-04-01 11:42:00 PM app tick
2024-04-01 11:43:00 PM app tick
2024-04-01 11:44:00 PM app tick
2024-04-01 11:45:00 PM app tick
2024-04-01 11:46:00 PM app tick
2024-04-01 11:47:00 PM app tick
2024-04-01 11:48:00 PM app tick
2024-04-01 11:49:00 PM app tick
2024-04-01 11:50:00 PM app tick
2024-04-01 11:51:00 PM app tick
2024-04-01 11:52:00 PM app tick
2024-04-01 11:53:00 PM app tick
2024-04-01 11:54:00 PM app tick
2024-04-01 11:55:00 PM app tick
2024-04-01 11:56:00 PM app tick
2024-04-01 11:57:00 PM app tick
2024-04-01 11:58:00 PM app tick
2024-04-01 11:59:00 PM app tick
2024-04-01 12:00:00 AM app tick
2024-04-01 12:01:00 AM app tick
2024-04-01 12:02:00 AM app tick
2024-04-01 12:03:00 AM app tick
2024-04-01 12:04:00 AM app tick
2024-04-01 12:05:00 AM app tick
2024-04-01 12:06:00 AM app tick
2024-04-01 12:07:00 AM app tick
2024-04-01 12:08:00 AM app tick
2024-04-01 12:09:00 AM app tick
2024-04-01 12:10:00 AM app tick
2024-04-01 12:11:00 AM app tick
2024-04-01 12:12:00 AM app tick
2024-04-01 12:13:00 AM app tick
2024-04-01 12:14:00 AM app tick
2024-04-01 12:15:00 AM app tick
2024-04-01 12:16:00 AM app tick
2024-04-01 12:17:00 AM app tick
2024-04-01 12:18:00 AM app tick
2024-04-01 12:19:00 AM app tick
2024-04-01 12:20:00 AM app tick
2024-04-01 12:21:00 AM app tick
2024-04-01 12:22:00 AM app tick
2024-04-01 12:23:00 AM app tick
2024-04-01 12:24:00 AM app tick
2024-04-01 12:25:00 AM app tick
2024-04-01 12:26:00 AM app tick
2024-04-01 12:27:00 AM app tick
2024-04-01 12:28:00 AM app tick
2024-04-01 12:29:00 AM app tick
2024-04-01 12:30:00 AM app tick
2024-04-01 12:31:00 AM app tick
2024-04-01 12:32:00 AM app tick
2024-04-01 12:33:00 AM app tick
2024-04-01 12:34:00 AM app tick
2024-04-01 12:35:00 AM app tick
2024-04-01 12:36:00 AM app tick
2024-04-01 12:37:00 AM app tick
2024-04-01 12:38:00 AM app tick
2024-04-01 12:39:00 AM app tick
2024-04-01 12:40:00 AM app tick
2024-04-01 12:41:00 AM app tick
2024-04-01 12:42:00 AM app tick
2024-04-01 12:43:00 AM app tick
2024-04-01 12:44:00 AM app tick
2024-04-01 12:45:00 AM app tick
2024-04-01 12:46:00 AM app tick
2024-04-01 12:47:00 AM app tick
2024-04-01 12:48:00 AM app tick
2024-04-01 12:49:00 AM app tick
2024-04-01 12:50:00 AM app tick
2024-04-01 12:51:00 AM app tick
2024-04-01 12:52:00 AM app tick
2024-04-01 12:53:00 AM app tick
2024-04-01 12:54:00 AM app tick
2024-04-01 12:55:00 AM app tick
2024-04-01 12:56:00 AM app tick
2024-04-01 12:57:00 AM app tick
2024-04-01 12:58:00 AM app tick
2024-04-01 12:59:00 AM app tick
2024-04-01 1:00:00 AM app tick
2024-04-01 1:01:00 AM app tick
2024-04-01 1:02:00 AM app tick
2024-04-01 1:03:00 AM app tick
2024-04-01 1:04:00 AM app tick
2024-04-01 1:05:00 AM app tick
2024-04-01 1:06:00 AM app tick
2024-04-01 1:07:00 AM app tick
2024-04-01 1:08:00 AM app tick
2024-04-01 1:09:00 AM app tick
2024-04-01 1:10:00 AM app tick
2024-04-01 1:11:00 AM app tick
2024-04-01 1:12:00 AM app tick
2024-04-01 1:13:00 AM app tick
2024-04-01 1:14:00 AM app tick
2024-04-01 1:15:00 AM app tick
2024-04-01 1:16:00 AM app tick
2024-04-01 1:17:00 AM app tick
2024-04-01 1:18:00 AM app tick
2024-04-01 1:19:00 AM app tick
2024-04-01 1:20:00 AM app tick
2024-04-01 1:21:00 AM app tick
2024-04-01 1:22:00 AM app tick
2024-04-01 1:23:00 AM app tick
2024-04-01 1:24:00 AM app tick
2024-04-01 1:25:00 AM app tick
2024-04-01 1:26:00 AM app tick
2024-04-01 1:27:00 AM app tick
2024-04-01 1:28:00 AM app tick
2024-04-01 1:29:00 AM app tick
2024-04-01 1:30:00 AM app tick
2024-04-01 1:31:00 AM app tick
2024-04-01 1:32:00 AM app tick
2024-04-01 1:33:00 AM app tick
2024-04-01 1:34:00 AM app tick
2024-04-01 1:35:00 AM app tick
2024-04-01 1:36:00 AM app tick
2024-04-01 1:37:00 AM app tick
2024-04-01 1:38:00 AM app tick
2024-04-01 1:39:00 AM app tick
2024-04-01 1:40:00 AM app tick
2024-04-01 1:41:00 AM app tick
2024-04-01 1:42:00 AM app tick
2024-04-01 1:43:00 AM app tick
2024-04-01 1:44:00 AM app tick
2024-04-01 1:45:00 AM app tick
2024-04-01 1:46:00 AM app tick
2024-04-01 1:47:00 AM app tick
2024-04-01 1:48:00 AM app tick
2024-04-01 1:49:00 AM app tick
2024-04-01 1:50:00 AM app tick
2024-04-01 1:51:00 AM app tick
2024-04-01 1:52:00 AM app tick
2024-04-01 1:53:00 AM app tick
2024-04-01 1:54:00 AM app tick
2024-04-01 1:55:00 AM app tick
2024-04-01 1:56:00 AM app tick
2024-04-01 1:57:00 AM app tick
2024-04-01 1:58:00 AM app tick
2024-04-01 1:59:00 AM app tick
2024-04-01 2:00:00 AM app tick
2024-04-01 2:01:00 AM app tick
2024-04-01 2:02:00 AM app tick
2024-04-01 2:03:00 AM app tick
2024-04-01 2:04:00 AM app tick
2024-04-01 2:05:00 AM app tick
2024-04-01 2:06:00 AM app tick
2024-04-01 2:07:00 AM app tick
2024-04-01 2:08:00 AM app tick
2024-04-01 2:09:00 AM app tick
2024-04-01 2:10:00 AM app tick
2024-04-01 2:11:00 AM app tick
2024-04-01 2:12:00 AM app tick
2024-04-01 2:13:00 AM app tick
2024-04-01 2:14:00 AM app tick
2024-04-01 2:15:00 AM app tick
2024-04-01 2:16:00 AM app tick
2024-04-01 2:17:00 AM app tick
2024-04-01 2:18:00 AM app tick
2024-04-01 2:19:00 AM app tick
2024-04-01 2:20:00 AM app tick
2024-04-01 2:21:00 AM app tick
2024-04-01 2:22:00 AM app tick
2024-04-01 2:23:00 AM app tick
2024-04-01 2:24:00 AM app tick
2024-04-01 2:25:00 AM app tick
2024-04-01 2:26:00 AM app tick
2024-04-01 2:27:00 AM app tick
2024-04-01 2:28:00 AM app tick
2024-04-01 2:29:00 AM app tick
2024-04-01 2:30:00 AM app tick
2024-04-01 2:31:00 AM app tick
2024-04-01 2:32:00 AM app tick
2024-04-01 2:33:00 AM app tick
2024-04-01 2:34:00 AM app tick
2024-04-01 2:35:00 AM app tick
2024-04-01 2:36:00 AM app tick
2024-04-01 2:37:00 AM app tick
2024-04-01 2:38:00 AM app tick
2024-04-01 2:39:00 AM app tick
2024-04-01 2:40:00 AM app tick
2024-04-01 2:41:00 AM app tick
2024-04-01 2:42:00 AM app tick
2024-04-01 2:43:00 AM app tick
2024-04-01 2:44:00 AM app tick
2024-04-01 2:45:00 AM app tick
2024-04-01 2:46:00 AM app tick
2024-04-01 2:47:00 AM app tick
2024-04-01 2:48:00 AM app tick
2024-04-01 2:49:00 AM app tick
2024-04-01 2:50:00 AM app tick
2024-04-01 2:51:00 AM app tick
2024-04-01 2:52:00 AM app tick
2024-04-01 2:53:00 AM app tick
2024-04-01 2:54:00 AM app tick
2024-04-01 2:55:00 AM app tick
2024-04-01 2:56:00 AM app tick
2024-04-01 2:57:00 AM app tick
2024-04-01 2:58:00 AM app tick
2024-04-01 2:59:00 AM app tick
2024-04-01 3:00:00 AM app tick
2024-04-01 3:01:00 AM app tick
2024-04-01 3:02:00 AM app tick
2024-04-01 3:03:00 AM app tick
2024-04-01 3:04:00 AM app tick
2024-04-01 3:05:00 AM app tick
2024-04-01 3:06:00 AM app tick
2024-04-01 3:07:00 AM app tick
2024-04-01 3:08:00 AM app tick
2024-04-01 3:09:00 AM app tick
2024-04-01 3:10:00 AM app tick
2024-04-01 3:11:00 AM app tick
2024-04-01 3:12:00 AM app tick
2024-04-01 3:13:00 AM app tick
2024-04-01 3:14:00 AM app tick
2024-04-01 3:15:00 AM app tick
2024-04-01 3:16:00 AM app tick
2024-04-01 3:17:00 AM app tick
2024-04-01 3:18:00 AM app tick
2024-04-01 3:19:00 AM app tick
2024-04-01 3:20:00 AM app tick
2024-04-01 3:21:00 AM app tick
2024-04-01 3:22:00 AM app tick
2024-04-01 3:23:00 AM app tick
2024-04-01 3:24:00 AM app tick
2024-04-01 3:25:00 AM app tick
2024-04-01 3:26:00 AM app tick
2024-04-01 3:27:00 AM app tick
2024-04-01 3:28:00 AM app tick
2024-04-01 3:29:00 AM app tick
2024-04-01 3:30:00 AM app tick
2024-04-01 3:31:00 AM app tick
2024-04-01 3:32:00 AM app tick
2024-04-01 3:33:00 AM app tick
2024-04-01 3:34:00 AM app tick
2024-04-01 3:35:00 AM app tick
2024-04-01 3:36:00 AM app tick
2024-04-01 3:37:00 AM app tick
2024-04-01 3:38:00 AM app tick
2024-04-01 3:39:00 AM app tick
2024-04-01 3:40:00 AM app tick
2024-04-01 3:41:00 AM app tick
2024-04-01 3:42:00 AM app tick
2024-04-01 3:43:00 AM app tick
2024-04-01 3:44:00 AM app tick
2024-04-01 3:45:00 AM app tick
2024-04-01 3:46:00 AM app tick
2024-04-01 3:47:00 AM app tick
2024-04-01 3:48:00 AM app tick
2024-04-01 3:49:00 AM app tick
2024-04-01 3:50:00 AM app tick
2024-04-01 3:51:00 AM app tick
2024-04-01 3:52:00 AM app tick
2024-04-01 3:53:00 AM app tick
2024-04-01 3:54:00 AM app tick
2024-04-01 3:55:00 AM app tick
2024-04-01 3:56:00 AM app tick
2024-04-01 3:57:00 AM app tick
2024-04-01 3:58:00 AM app tick
2024-04-01 3:59:00 AM app tick
2024-04-01 4:00:00 AM app tick
2024-04-01 4:01:00 AM app tick
2024-04-01 4:02:00 AM app tick
2024-04-01 4:03:00 AM app tick
2024-04-01 4:04:00 AM app tick
2024-04-01 4:05:00 AM app tick
2024-04-01 4:06:00 AM app tick
2024-04-01 4:07:00 AM app tick
2024-04-01 4:08:00 AM app tick
2024-04-01 4:09:00 AM app tick
2024-04-01 4:10:00 AM app tick
2024-04-01 4:11:00 AM app tick
2024-04-01 4:12:00 AM app tick
2024-04-01 4:13:00 AM app tick
2024-04-01 4:14:00 AM app tick
2024-04-01 4:15:00 AM app tick
2024-04-01 4:16:00 AM app tick
2024-04-01 4:17:00 AM app tick
2024-04-01 4:18:00 AM app tick
2024-04-01 4:19:00 AM app tick
2024-04-01 4:20:00 AM app tick
2024-04-01 4:21:00 AM app tick
2024-04-01 4:22:00 AM app tick
2024-04-01 4:23:00 AM app tick
2024-04-01 4:24:00 AM app tick
2024-04-01 4:25:00 AM app tick
2024-04-01 4:26:00 AM app tick
2024-04-01 4:27:00 AM app tick
2024-04-01 4:28:00 AM app tick
2024-04-01 4:29:00 AM app tick
2024-04-01 4:30:00 AM app tick
2024-04-01 4:31:00 AM app tick
2024-04-01 4:32:00 AM app tick
2024-04-01 4:33:00 AM app tick
2024-04-01 4:34:00 AM app tick
2024-04-01 4:35:00 AM app tick
2024-04-01 4:36:00 AM app tick
2024-04-01 4:37:00 AM app tick
2024-04-01 4:38:00 AM app tick
2024-04-01 4:39:00 AM app tick
2024-04-01 4:40:00 AM app tick
2024-04-01 4:41:00 AM app tick
2024-04-01 4:42:00 AM app tick
2024-04-01 4:43:00 AM app tick
2024-04-01 4:44:00 AM app tick
2024-04-01 4:45:00 AM app tick
2024-04-01 4:46:00 AM app tick
2024-04-01 4:47:00 AM app tick
2024-04-01 4:48:00 AM app tick
2024-04-01 4:49:00 AM app tick
2024-04-01 4:50:00 AM app tick
2024-04-01 4:51:00 AM app tick
2024-04-01 4:52:00 AM app tick
2024-04-01 4:53:00 AM app tick
2024-04-01 4:54:00 AM app tick
2024-04-01 4:55:00 AM app tick
2024-04-01 4:56:00 AM app tick
2024-04-01 4:57:00 AM app tick
2024-04-01 4:58:00 AM app tick
2024-04-01 4:59:00 AM app tick
2024-04-01 5:00:00 AM app tick
2024-04-01 5:01:00 AM app tick
2024-04-01 5:02:00 AM app tick
2024-04-01 5:03:00 AM app tick
2024-04-01 5:04:00 AM app tick
2024-04-01 5:05:00 AM app tick
2024-04-01 5:06:00 AM app tick
2024-04-01 5:07:00 AM app tick
2024-04-01 5:08:00 AM app tick
2024-04-01 5:09:00 AM app tick
2024-04-01 5:10:00 AM app tick
2024-04-01 5:11:00 AM app tick
2024-04-01 5:12:00 AM app tick
2024-04-01 5:13:00 AM app tick
2024-04-01 5:14:00 AM app tick
2024-04-01 5:15:00 AM app tick
2024-04-01 5:16:00 AM app tick
2024-04-01 5:17:00 AM app tick
2024-04-01 5:18:00 AM app tick
2024-04-01 5:19:00 AM app tick
2024-04-01 5:20:00 AM app tick
2024-04-01 5:21:00 AM app tick
2024-04-01 5:22:00 AM app tick
2024-04-01 5:23:00 AM app tick
2024-04-01 5:24:00 AM app tick
2024-04-01 5:25:00 AM app tick
2024-04-01 5:26:00 AM app tick
2024-04-01 5:27:00 AM app tick
2024-04-01 5:28:00 AM app tick
2024-04-01 5:29:00 AM app tick
2024-04-01 5:30:00 AM app tick
2024-04-01 5:31:00 AM app tick
2024-04-01 5:32:00 AM app tick
2024-04-01 5:33:00 AM app tick
2024-04-01 5:34:00 AM app tick
2024-04-01 5:35:00 AM app tick
2024-04-01 5:36:00 AM app tick
2024-04-01 5:37:00 AM app tick
2024-04-01 5:38:00 AM app tick
2024-04-01 5:39:00 AM app tick
2024-04-01 5:40:00 AM app tick
2024-04-01 5:41:00 AM app tick
2024-04-01 5:42:00 AM app tick
2024-04-01 5:43:00 AM app tick
2024-04-01 5:44:00 AM app tick
2024-04-01 5:45:00 AM app tick
2024-04-01 5:46:00 AM app tick
2024-04-01 5:47:00 AM app tick
2024-04-01 5:48:00 AM app tick
2024-04-01 5:49:00 AM app tick
2024-04-01 5:50:00 AM app tick
2024-04-01 5:51:00 AM app tick
2024-04-01 5:52:00 AM app tick
2024-04-01 5:53:00 AM app tick
2024-04-01 5:54:00 AM app tick
2024-04-01 5:55:00 AM app tick
2024-04-01 5:56:00 AM app tick
2024-04-01 5:57:00 AM app tick
2024-04-01 5:58:00 AM app tick
2024-04-01 5:59:00 AM app tick
2024-04-01 6:00:00 AM app tick
2024-04-01 6:01:00 AM app tick
2024-04-01 6:02:00 AM app tick
2024-04-01 6:03:00 AM app tick
2024-04-01 6:04:00 AM app tick
2024-04-01 6:05:00 AM app tick
2024-04-01 6:06:00 AM app tick
2024-04-01 6:07:00 AM app tick
2024-04-01 6:08:00 AM app tick
2024-04-01 6:09:00 AM app tick
2024-04-01 6:10:00 AM app tick
2024-04-01 6:11:00 AM app tick
2024-04-01 6:12:00 AM app tick
2024-04-01 6:13:00 AM app tick
2024-04-01 6:14:00 AM app tick
2024-04-01 6:15:00 AM app tick
2024-04-01 6:16:00 AM app tick
2024-04-01 6:17:00 AM app tick
2024-04-01 6:18:00 AM app tick
2024-04-01 6:19:00 AM app tick
2024-04-01 6:20:00 AM app tick
2024-04-01 6:21:00 AM app tick
2024-04-01 6:22:00 AM app tick
2024-04-01 6:23:00 AM app tick
2024-04-01 6:24:00 AM app tick
2024-04-01 6:25:00 AM app tick
2024-04-01 6:26:00 AM app tick
2024-04-01 6:27:00 AM app tick
2024-04-01 6:28:00 AM app tick
2024-04-01 6:29:00 AM app tick
2024-04-01 6:30:00 AM app tick
2024-04-01 6:31:00 AM app tick
2024-04-01 6:32:00 AM app tick
2024-04-01 6:33:00 AM app tick
2024-04-01 6:34:00 AM app tick
2024-04-01 6:35:00 AM app tick
2024-04-01 6:36:00 AM app tick
2024-04-01 6:37:00 AM app tick
2024-04-01 6:38:00 AM app tick
2024-04-01 6:39:00 AM app tick
2024-04-01 6:40:00 AM app tick
2024-04-01 6:41:00 AM app tick
2024-04-01 6:42:00 AM app tick
2024-04-01 6:43:00 AM app tick
2024-04-01 6:44:00 AM app tick
2024-04-01 6:45:00 AM app tick
2024-04-01 6:46:00 AM app tick
2024-04-01 6:47:00 AM app tick
2024-04-01 6:48:00 AM app tick
2024-04-01 6:49:00 AM app tick
2024-04-01 6:50:00 AM app tick
2024-04-01 6:51:00 AM app tick
2024-04-01 6:52:00 AM app tick
2024-04-01 6:53:00 AM app tick
2024-04-01 6:54:00 AM app tick
2024-04-01 6:55:00 AM app tick
2024-04-01 6:56:00 AM app tick
2024-04-01 6:57:00 AM app tick
2024-04-01 6:58:00 AM app tick
2024-04-01 6:59:00 AM app tick
